<?xml version="1.0" encoding="UTF-8"?>
<!-- Generated by org.testng.reporters.JUnitReportReporter -->
<testsuite skipped="0" hostname="Shubham-Verma" name="com.testbroker.scripts.VacantBuildingTest" tests="1" failures="0" timestamp="2020-06-10T15:52:56 IST" time="252.958" errors="0">
  <testcase name="vacantBuildingPremiumVerfification" time="252.958" classname="com.testbroker.scripts.VacantBuildingTest"/>
  <system-out>
The amount of gross value is expected  </system-out>
</testsuite> <!-- com.testbroker.scripts.VacantBuildingTest -->
